{"message":"can't find crate for `trait1`","code":{"code":"E0463","explanation":"A crate was declared but cannot be found.\n\nErroneous code example:\n\n```compile_fail,E0463\nextern crate foo; // error: can't find crate\n```\n\nYou need to link your code to the relevant crate in order to be able to use it\n(through Cargo or the `-L` option of rustc, for example).\n\n## Common causes\n\n- The crate is not present at all. If using Cargo, add it to `[dependencies]`\n  in Cargo.toml.\n- The crate is present, but under a different name. If using Cargo, look for\n  `package = ` under `[dependencies]` in Cargo.toml.\n\n## Common causes for missing `std` or `core`\n\n- You are cross-compiling for a target which doesn't have `std` prepackaged.\n  Consider one of the following:\n  + Adding a pre-compiled version of std with `rustup target add`\n  + Building std from source with `cargo build -Z build-std`\n  + Using `#![no_std]` at the crate root, so you won't need `std` in the first\n    place.\n- You are developing the compiler itself and haven't built libstd from source.\n  You can usually build it with `x.py build library/std`. More information\n  about x.py is available in the [rustc-dev-guide].\n\n[rustc-dev-guide]: https://rustc-dev-guide.rust-lang.org/building/how-to-build-and-run.html#building-the-compiler\n"},"level":"error","spans":[{"file_name":"src/main.rs","byte_start":0,"byte_end":20,"line_start":1,"line_end":1,"column_start":1,"column_end":21,"is_primary":true,"text":[{"text":"extern crate trait1;","highlight_start":1,"highlight_end":21}],"label":"can't find crate","suggested_replacement":null,"suggestion_applicability":null,"expansion":null}],"children":[],"rendered":"\u001b[0m\u001b[1m\u001b[38;5;9merror[E0463]\u001b[0m\u001b[0m\u001b[1m: can't find crate for `trait1`\u001b[0m\n\u001b[0m \u001b[0m\u001b[0m\u001b[1m\u001b[38;5;12m--> \u001b[0m\u001b[0msrc/main.rs:1:1\u001b[0m\n\u001b[0m  \u001b[0m\u001b[0m\u001b[1m\u001b[38;5;12m|\u001b[0m\n\u001b[0m\u001b[1m\u001b[38;5;12m1\u001b[0m\u001b[0m \u001b[0m\u001b[0m\u001b[1m\u001b[38;5;12m|\u001b[0m\u001b[0m \u001b[0m\u001b[0mextern crate trait1;\u001b[0m\n\u001b[0m  \u001b[0m\u001b[0m\u001b[1m\u001b[38;5;12m| \u001b[0m\u001b[0m\u001b[1m\u001b[38;5;9m^^^^^^^^^^^^^^^^^^^^\u001b[0m\u001b[0m \u001b[0m\u001b[0m\u001b[1m\u001b[38;5;9mcan't find crate\u001b[0m\n\n"}
{"message":"cannot find type `WeatherForecast` in this scope","code":{"code":"E0412","explanation":"A used type name is not in scope.\n\nErroneous code examples:\n\n```compile_fail,E0412\nimpl Something {} // error: type name `Something` is not in scope\n\n// or:\n\ntrait Foo {\n    fn bar(N); // error: type name `N` is not in scope\n}\n\n// or:\n\nfn foo(x: T) {} // type name `T` is not in scope\n```\n\nTo fix this error, please verify you didn't misspell the type name, you did\ndeclare it or imported it into the scope. Examples:\n\n```\nstruct Something;\n\nimpl Something {} // ok!\n\n// or:\n\ntrait Foo {\n    type N;\n\n    fn bar(_: Self::N); // ok!\n}\n\n// or:\n\nfn foo<T>(x: T) {} // ok!\n```\n\nAnother case that causes this error is when a type is imported into a parent\nmodule. To fix this, you can follow the suggestion and use File directly or\n`use super::File;` which will import the types from the parent namespace. An\nexample that causes this error is below:\n\n```compile_fail,E0412\nuse std::fs::File;\n\nmod foo {\n    fn some_function(f: File) {}\n}\n```\n\n```\nuse std::fs::File;\n\nmod foo {\n    // either\n    use super::File;\n    // or\n    // use std::fs::File;\n    fn foo(f: File) {}\n}\n# fn main() {} // don't insert it for us; that'll break imports\n```\n"},"level":"error","spans":[{"file_name":"src/main.rs","byte_start":48,"byte_end":70,"line_start":4,"line_end":4,"column_start":1,"column_end":23,"is_primary":false,"text":[{"text":"struct WhetherForecast{","highlight_start":1,"highlight_end":23}],"label":"similarly named struct `WhetherForecast` defined here","suggested_replacement":null,"suggestion_applicability":null,"expansion":null},{"file_name":"src/main.rs","byte_start":169,"byte_end":184,"line_start":10,"line_end":10,"column_start":23,"column_end":38,"is_primary":true,"text":[{"text":"impl Summarizable for WeatherForecast{","highlight_start":23,"highlight_end":38}],"label":null,"suggested_replacement":null,"suggestion_applicability":null,"expansion":null}],"children":[{"message":"a struct with a similar name exists","code":null,"level":"help","spans":[{"file_name":"src/main.rs","byte_start":169,"byte_end":184,"line_start":10,"line_end":10,"column_start":23,"column_end":38,"is_primary":true,"text":[{"text":"impl Summarizable for WeatherForecast{","highlight_start":23,"highlight_end":38}],"label":null,"suggested_replacement":"WhetherForecast","suggestion_applicability":"MaybeIncorrect","expansion":null}],"children":[],"rendered":null}],"rendered":"\u001b[0m\u001b[1m\u001b[38;5;9merror[E0412]\u001b[0m\u001b[0m\u001b[1m: cannot find type `WeatherForecast` in this scope\u001b[0m\n\u001b[0m  \u001b[0m\u001b[0m\u001b[1m\u001b[38;5;12m--> \u001b[0m\u001b[0msrc/main.rs:10:23\u001b[0m\n\u001b[0m   \u001b[0m\u001b[0m\u001b[1m\u001b[38;5;12m|\u001b[0m\n\u001b[0m\u001b[1m\u001b[38;5;12m4\u001b[0m\u001b[0m  \u001b[0m\u001b[0m\u001b[1m\u001b[38;5;12m|\u001b[0m\u001b[0m \u001b[0m\u001b[0mstruct WhetherForecast{\u001b[0m\n\u001b[0m   \u001b[0m\u001b[0m\u001b[1m\u001b[38;5;12m| \u001b[0m\u001b[0m\u001b[1m\u001b[38;5;12m----------------------\u001b[0m\u001b[0m \u001b[0m\u001b[0m\u001b[1m\u001b[38;5;12msimilarly named struct `WhetherForecast` defined here\u001b[0m\n\u001b[0m\u001b[1m\u001b[38;5;12m...\u001b[0m\n\u001b[0m\u001b[1m\u001b[38;5;12m10\u001b[0m\u001b[0m \u001b[0m\u001b[0m\u001b[1m\u001b[38;5;12m|\u001b[0m\u001b[0m \u001b[0m\u001b[0mimpl Summarizable for WeatherForecast{\u001b[0m\n\u001b[0m   \u001b[0m\u001b[0m\u001b[1m\u001b[38;5;12m| \u001b[0m\u001b[0m                      \u001b[0m\u001b[0m\u001b[1m\u001b[38;5;9m^^^^^^^^^^^^^^^\u001b[0m\u001b[0m \u001b[0m\u001b[0m\u001b[1m\u001b[38;5;9mhelp: a struct with a similar name exists: `WhetherForecast`\u001b[0m\n\n"}
{"message":"aborting due to 2 previous errors","code":null,"level":"error","spans":[],"children":[],"rendered":"\u001b[0m\u001b[1m\u001b[38;5;9merror\u001b[0m\u001b[0m\u001b[1m: aborting due to 2 previous errors\u001b[0m\n\n"}
{"message":"Some errors have detailed explanations: E0412, E0463.","code":null,"level":"failure-note","spans":[],"children":[],"rendered":"\u001b[0m\u001b[1mSome errors have detailed explanations: E0412, E0463.\u001b[0m\n"}
{"message":"For more information about an error, try `rustc --explain E0412`.","code":null,"level":"failure-note","spans":[],"children":[],"rendered":"\u001b[0m\u001b[1mFor more information about an error, try `rustc --explain E0412`.\u001b[0m\n"}
